<?xml version="1.0" encoding="UTF-8"?>
<!-- Generated by org.testng.reporters.JUnitReportReporter -->
<testsuite skipped="0" hostname="DESKTOP-R0P8T32" name="com.TopologyAPI.app.API.TopologyApiApplicationTest" tests="13" failures="0" timestamp="2021-12-29T01:04:06 EET" time="3.158" errors="0">
  <testcase name="test_deletetopology_02" time="0.012" classname="com.TopologyAPI.app.API.TopologyApiApplicationTest"/>
  <system-out/>
  <testcase name="test_readtopology_03" time="0.019" classname="com.TopologyAPI.app.API.TopologyApiApplicationTest"/>
  <system-out/>
  <testcase name="test_queryDevices_01" time="0.016" classname="com.TopologyAPI.app.API.TopologyApiApplicationTest"/>
  <system-out/>
  <testcase name="test_queryTopologies_01" time="0.014" classname="com.TopologyAPI.app.API.TopologyApiApplicationTest"/>
  <system-out/>
  <testcase name="test_deletetopology_01" time="0.016" classname="com.TopologyAPI.app.API.TopologyApiApplicationTest"/>
  <system-out/>
  <testcase name="test_writetopology_01" time="0.010" classname="com.TopologyAPI.app.API.TopologyApiApplicationTest"/>
  <system-out/>
  <testcase name="test_queryDevicesWithNetlistNode_02" time="0.133" classname="com.TopologyAPI.app.API.TopologyApiApplicationTest"/>
  <system-out/>
  <testcase name="test_queryTopologies_02" time="0.007" classname="com.TopologyAPI.app.API.TopologyApiApplicationTest"/>
  <system-out/>
  <testcase name="test_writetopology_02" time="0.011" classname="com.TopologyAPI.app.API.TopologyApiApplicationTest"/>
  <system-out/>
  <testcase name="test_readtopology_01" time="1.783" classname="com.TopologyAPI.app.API.TopologyApiApplicationTest"/>
  <system-out/>
  <testcase name="test_queryDevicesWithNetlistNode_01" time="0.022" classname="com.TopologyAPI.app.API.TopologyApiApplicationTest"/>
  <system-out/>
  <testcase name="test_queryDevices_02" time="0.593" classname="com.TopologyAPI.app.API.TopologyApiApplicationTest"/>
  <system-out/>
  <testcase name="test_readtopology_02" time="0.522" classname="com.TopologyAPI.app.API.TopologyApiApplicationTest"/>
  <system-out/>
</testsuite> <!-- com.TopologyAPI.app.API.TopologyApiApplicationTest -->
