<?xml version="1.0" encoding="UTF-8"?>
<!-- Generated by org.testng.reporters.JUnitReportReporter -->
<testsuite skipped="0" hostname="DESKTOP-R0P8T32" name="com.TopologyAPI.app.API.TopologyApiApplicationTests" tests="12" failures="0" timestamp="2021-12-25T22:41:12 EET" time="2.663" errors="0">
  <testcase name="test_queryDevices_02" time="0.402" classname="com.TopologyAPI.app.API.TopologyApiApplicationTests"/>
  <system-out/>
  <testcase name="test_deletetopology_01" time="1.464" classname="com.TopologyAPI.app.API.TopologyApiApplicationTests"/>
  <system-out/>
  <testcase name="test_queryDevicesWithNetlistNode_02" time="0.150" classname="com.TopologyAPI.app.API.TopologyApiApplicationTests"/>
  <system-out/>
  <testcase name="test_writetopology_02" time="0.014" classname="com.TopologyAPI.app.API.TopologyApiApplicationTests"/>
  <system-out/>
  <testcase name="test_queryDevicesWithNetlistNode_01" time="0.015" classname="com.TopologyAPI.app.API.TopologyApiApplicationTests"/>
  <system-out/>
  <testcase name="test_deletetopology_02" time="0.026" classname="com.TopologyAPI.app.API.TopologyApiApplicationTests"/>
  <system-out/>
  <testcase name="test_readtopology_02" time="0.015" classname="com.TopologyAPI.app.API.TopologyApiApplicationTests"/>
  <system-out/>
  <testcase name="test_queryTopologies_01" time="0.527" classname="com.TopologyAPI.app.API.TopologyApiApplicationTests"/>
  <system-out/>
  <testcase name="test_queryDevices_01" time="0.012" classname="com.TopologyAPI.app.API.TopologyApiApplicationTests"/>
  <system-out/>
  <testcase name="test_readtopology_01" time="0.011" classname="com.TopologyAPI.app.API.TopologyApiApplicationTests"/>
  <system-out/>
  <testcase name="test_readtopology_03" time="0.017" classname="com.TopologyAPI.app.API.TopologyApiApplicationTests"/>
  <system-out/>
  <testcase name="test_writetopology_01" time="0.010" classname="com.TopologyAPI.app.API.TopologyApiApplicationTests"/>
  <system-out/>
</testsuite> <!-- com.TopologyAPI.app.API.TopologyApiApplicationTests -->
